Using pre-set license
Built from '2020.3/staging' branch; Version is '2020.3.5f1 (8095aa901b9b) revision 8426922'; Using compiler version '192528614'; Build Type 'Release'
OS: 'Windows 10 Home; OS build 19042.1083; Version 2009; 64bit' Language: 'fr' Physical Memory: 16322 MB
BatchMode: 1, IsHumanControllingUs: 0, StartBugReporterOnCrash: 0, Is64bit: 1, IsPro: 0

 COMMAND LINE ARGUMENTS:
G:\Jeux\Unity\Project\2020.3.5f1\Editor\Unity.exe
-adb2
-batchMode
-noUpm
-name
AssetImportWorker0
-projectPath
Z:/ProjetPerso/Unity/Procedural_Terrain/ProceduralTerrain_MarchingCube
-logFile
Logs/AssetImportWorker0.log
-srvPort
58909
Successfully changed project path to: Z:/ProjetPerso/Unity/Procedural_Terrain/ProceduralTerrain_MarchingCube
Z:/ProjetPerso/Unity/Procedural_Terrain/ProceduralTerrain_MarchingCube
Using Asset Import Pipeline V2.
Refreshing native plugins compatible for Editor in 107.91 ms, found 1 plugins.
Preloading 0 native plugins for Editor in 0.00 ms.
Initialize engine version: 2020.3.5f1 (8095aa901b9b)
[Subsystems] Discovering subsystems at path G:/Jeux/Unity/Project/2020.3.5f1/Editor/Data/Resources/UnitySubsystems
[Subsystems] Discovering subsystems at path Z:/ProjetPerso/Unity/Procedural_Terrain/ProceduralTerrain_MarchingCube/Assets
GfxDevice: creating device client; threaded=0
Direct3D:
    Version:  Direct3D 11.0 [level 11.1]
    Renderer: NVIDIA GeForce GTX 1070 (ID=0x1b81)
    Vendor:   
    VRAM:     8088 MB
    Driver:   30.0.14.7111
Initialize mono
Mono path[0] = 'G:/Jeux/Unity/Project/2020.3.5f1/Editor/Data/Managed'
Mono path[1] = 'G:/Jeux/Unity/Project/2020.3.5f1/Editor/Data/MonoBleedingEdge/lib/mono/unityjit'
Mono config path = 'G:/Jeux/Unity/Project/2020.3.5f1/Editor/Data/MonoBleedingEdge/etc'
Using monoOptions --debugger-agent=transport=dt_socket,embedding=1,server=y,suspend=n,address=127.0.0.1:56608
Begin MonoManager ReloadAssembly
Registering precompiled unity dll's ...
Register platform support module: G:/Jeux/Unity/Project/2020.3.5f1/Editor/Data/PlaybackEngines/WebGLSupport/UnityEditor.WebGL.Extensions.dll
Register platform support module: G:/Jeux/Unity/Project/2020.3.5f1/Editor/Data/PlaybackEngines/MacStandaloneSupport/UnityEditor.OSXStandalone.Extensions.dll
Register platform support module: G:/Jeux/Unity/Project/2020.3.5f1/Editor/Data/PlaybackEngines/WindowsStandaloneSupport/UnityEditor.WindowsStandalone.Extensions.dll
Register platform support module: G:/Jeux/Unity/Project/2020.3.5f1/Editor/Data/PlaybackEngines/LinuxStandaloneSupport/UnityEditor.LinuxStandalone.Extensions.dll
Register platform support module: G:/Jeux/Unity/Project/2020.3.5f1/Editor/Data/PlaybackEngines/LuminSupport/UnityEditor.Lumin.Extensions.dll
Registered in 0.001788 seconds.
Native extension for Lumin target not found
Native extension for LinuxStandalone target not found
Native extension for WindowsStandalone target not found
Native extension for OSXStandalone target not found
Native extension for WebGL target not found
Refreshing native plugins compatible for Editor in 94.49 ms, found 1 plugins.
Preloading 0 native plugins for Editor in 0.00 ms.
Mono: successfully reloaded assembly
- Completed reload, in 23.712 seconds
Platform modules already initialized, skipping
Registering precompiled user dll's ...
Registered in 0.011545 seconds.
